<?xml version="1.0" encoding="UTF-8"?>
<testng-results ignored="0" total="2" passed="1" failed="1" skipped="0">
  <reporter-output>
    <line>
      <![CDATA[NO of Rowsare::7]]>
    </line>
    <line>
      <![CDATA[Error_Massage::dashboard     http://webapp.qedgetech.com/login.php]]>
    </line>
    <line>
      <![CDATA[NO of  Rows are:::8]]>
    </line>
    <line>
      <![CDATA[ADD SUPPLIER IS SUCCESS::: Supplier-00000004874       Supplier-00000004874]]>
    </line>
    <line>
      <![CDATA[ADD SUPPLIER IS SUCCESS::: Supplier-00000004875       Supplier-00000004875]]>
    </line>
    <line>
      <![CDATA[ADD SUPPLIER IS SUCCESS::: Supplier-00000004876       Supplier-00000004876]]>
    </line>
    <line>
      <![CDATA[ADD SUPPLIER IS SUCCESS::: Supplier-00000004877       Supplier-00000004877]]>
    </line>
    <line>
      <![CDATA[ADD SUPPLIER IS SUCCESS::: Supplier-00000004878       Supplier-00000004878]]>
    </line>
    <line>
      <![CDATA[ADD SUPPLIER IS SUCCESS::: Supplier-00000004879       Supplier-00000004879]]>
    </line>
    <line>
      <![CDATA[ADD SUPPLIER IS SUCCESS::: Supplier-00000004880       Supplier-00000004880]]>
    </line>
    <line>
      <![CDATA[ADD SUPPLIER IS SUCCESS::: Supplier-00000004881       Supplier-00000004881]]>
    </line>
  </reporter-output>
  <suite started-at="2024-08-30T11:46:25 IST" name="DataDrivenFrameWork" finished-at="2024-08-30T11:49:14 IST" duration-ms="169674">
    <groups>
    </groups>
    <test started-at="2024-08-30T11:46:25 IST" name="LoginDataDriven" finished-at="2024-08-30T11:46:49 IST" duration-ms="24513">
      <class name="driverfactory.DriverScript">
        <test-method is-config="true" signature="setup()[pri:0, instance:driverfactory.DriverScript@515c6049]" started-at="2024-08-30T11:46:25 IST" name="setup" finished-at="2024-08-30T11:46:28 IST" duration-ms="3625" status="PASS">
          <reporter-output>
          </reporter-output>
        </test-method> <!-- setup -->
        <test-method signature="StartTest()[pri:0, instance:driverfactory.DriverScript@515c6049]" started-at="2024-08-30T11:46:28 IST" name="StartTest" finished-at="2024-08-30T11:46:49 IST" duration-ms="20332" status="FAIL">
          <exception class="org.openqa.selenium.NoSuchElementException">
            <message>
              <![CDATA[no such element: Unable to locate element: {"method":"xpath","selector":"//div[contains(text(),'Incorrect user ID or password')]"}
  (Session info: chrome=128.0.6613.86)
For documentation on this error, please visit: https://www.selenium.dev/documentation/webdriver/troubleshooting/errors#no-such-element-exception
Build info: version: '4.18.0', revision: 'b6bf9de7cc'
System info: os.name: 'Windows 11', os.arch: 'amd64', os.version: '10.0', java.version: '17.0.11'
Driver info: org.openqa.selenium.chrome.ChromeDriver
Command: [8247f147482f05ce1269f4035e506052, findElement {value=//div[contains(text(),'Incorrect user ID or password')], using=xpath}]
Capabilities {acceptInsecureCerts: false, browserName: chrome, browserVersion: 128.0.6613.86, chrome: {chromedriverVersion: 128.0.6613.86 (3045ed680fda..., userDataDir: C:\Users\Dell\AppData\Local...}, fedcm:accounts: true, goog:chromeOptions: {debuggerAddress: localhost:59331}, networkConnectionEnabled: false, pageLoadStrategy: normal, platformName: windows, proxy: Proxy(), se:cdp: ws://localhost:59331/devtoo..., se:cdpVersion: 128.0.6613.86, setWindowRect: true, strictFileInteractability: false, timeouts: {implicit: 0, pageLoad: 300000, script: 30000}, unhandledPromptBehavior: dismiss and notify, webauthn:extension:credBlob: true, webauthn:extension:largeBlob: true, webauthn:extension:minPinLength: true, webauthn:extension:prf: true, webauthn:virtualAuthenticators: true}
Session ID: 8247f147482f05ce1269f4035e506052]]>
            </message>
            <full-stacktrace>
              <![CDATA[org.openqa.selenium.NoSuchElementException: no such element: Unable to locate element: {"method":"xpath","selector":"//div[contains(text(),'Incorrect user ID or password')]"}
  (Session info: chrome=128.0.6613.86)
For documentation on this error, please visit: https://www.selenium.dev/documentation/webdriver/troubleshooting/errors#no-such-element-exception
Build info: version: '4.18.0', revision: 'b6bf9de7cc'
System info: os.name: 'Windows 11', os.arch: 'amd64', os.version: '10.0', java.version: '17.0.11'
Driver info: org.openqa.selenium.chrome.ChromeDriver
Command: [8247f147482f05ce1269f4035e506052, findElement {value=//div[contains(text(),'Incorrect user ID or password')], using=xpath}]
Capabilities {acceptInsecureCerts: false, browserName: chrome, browserVersion: 128.0.6613.86, chrome: {chromedriverVersion: 128.0.6613.86 (3045ed680fda..., userDataDir: C:\Users\Dell\AppData\Local...}, fedcm:accounts: true, goog:chromeOptions: {debuggerAddress: localhost:59331}, networkConnectionEnabled: false, pageLoadStrategy: normal, platformName: windows, proxy: Proxy(), se:cdp: ws://localhost:59331/devtoo..., se:cdpVersion: 128.0.6613.86, setWindowRect: true, strictFileInteractability: false, timeouts: {implicit: 0, pageLoad: 300000, script: 30000}, unhandledPromptBehavior: dismiss and notify, webauthn:extension:credBlob: true, webauthn:extension:largeBlob: true, webauthn:extension:minPinLength: true, webauthn:extension:prf: true, webauthn:virtualAuthenticators: true}
Session ID: 8247f147482f05ce1269f4035e506052
at java.base/jdk.internal.reflect.NativeConstructorAccessorImpl.newInstance0(Native Method)
at java.base/jdk.internal.reflect.NativeConstructorAccessorImpl.newInstance(NativeConstructorAccessorImpl.java:77)
at java.base/jdk.internal.reflect.DelegatingConstructorAccessorImpl.newInstance(DelegatingConstructorAccessorImpl.java:45)
at java.base/java.lang.reflect.Constructor.newInstanceWithCaller(Constructor.java:499)
at java.base/java.lang.reflect.Constructor.newInstance(Constructor.java:480)
at org.openqa.selenium.remote.ErrorCodec.decode(ErrorCodec.java:167)
at org.openqa.selenium.remote.codec.w3c.W3CHttpResponseCodec.decode(W3CHttpResponseCodec.java:138)
at org.openqa.selenium.remote.codec.w3c.W3CHttpResponseCodec.decode(W3CHttpResponseCodec.java:50)
at org.openqa.selenium.remote.HttpCommandExecutor.execute(HttpCommandExecutor.java:190)
at org.openqa.selenium.remote.service.DriverCommandExecutor.invokeExecute(DriverCommandExecutor.java:216)
at org.openqa.selenium.remote.service.DriverCommandExecutor.execute(DriverCommandExecutor.java:174)
at org.openqa.selenium.remote.RemoteWebDriver.execute(RemoteWebDriver.java:519)
at org.openqa.selenium.remote.ElementLocation$ElementFinder$2.findElement(ElementLocation.java:165)
at org.openqa.selenium.remote.ElementLocation.findElement(ElementLocation.java:59)
at org.openqa.selenium.remote.RemoteWebDriver.findElement(RemoteWebDriver.java:356)
at org.openqa.selenium.remote.RemoteWebDriver.findElement(RemoteWebDriver.java:350)
at commonFunctions.FunctionLibrary.adminelogine(FunctionLibrary.java:32)
at driverfactory.DriverScript.StartTest(DriverScript.java:46)
at java.base/jdk.internal.reflect.NativeMethodAccessorImpl.invoke0(Native Method)
at java.base/jdk.internal.reflect.NativeMethodAccessorImpl.invoke(NativeMethodAccessorImpl.java:77)
at java.base/jdk.internal.reflect.DelegatingMethodAccessorImpl.invoke(DelegatingMethodAccessorImpl.java:43)
at java.base/java.lang.reflect.Method.invoke(Method.java:568)
at org.testng.internal.invokers.MethodInvocationHelper.invokeMethod(MethodInvocationHelper.java:141)
at org.testng.internal.invokers.TestInvoker.invokeMethod(TestInvoker.java:686)
at org.testng.internal.invokers.TestInvoker.invokeTestMethod(TestInvoker.java:230)
at org.testng.internal.invokers.MethodRunner.runInSequence(MethodRunner.java:63)
at org.testng.internal.invokers.TestInvoker$MethodInvocationAgent.invoke(TestInvoker.java:992)
at org.testng.internal.invokers.TestInvoker.invokeTestMethods(TestInvoker.java:203)
at org.testng.internal.invokers.TestMethodWorker.invokeTestMethods(TestMethodWorker.java:154)
at org.testng.internal.invokers.TestMethodWorker.run(TestMethodWorker.java:134)
at java.base/java.util.ArrayList.forEach(ArrayList.java:1511)
at org.testng.TestRunner.privateRun(TestRunner.java:739)
at org.testng.TestRunner.run(TestRunner.java:614)
at org.testng.SuiteRunner.runTest(SuiteRunner.java:421)
at org.testng.SuiteRunner.runSequentially(SuiteRunner.java:413)
at org.testng.SuiteRunner.privateRun(SuiteRunner.java:373)
at org.testng.SuiteRunner.run(SuiteRunner.java:312)
at org.testng.SuiteRunnerWorker.runSuite(SuiteRunnerWorker.java:52)
at org.testng.SuiteRunnerWorker.run(SuiteRunnerWorker.java:95)
at org.testng.TestNG.runSuitesSequentially(TestNG.java:1274)
at org.testng.TestNG.runSuitesLocally(TestNG.java:1208)
at org.testng.TestNG.runSuites(TestNG.java:1112)
at org.testng.TestNG.run(TestNG.java:1079)
at org.testng.remote.AbstractRemoteTestNG.run(AbstractRemoteTestNG.java:115)
at org.testng.remote.RemoteTestNG.initAndRun(RemoteTestNG.java:293)
at org.testng.remote.RemoteTestNG.main(RemoteTestNG.java:91)
]]>
            </full-stacktrace>
          </exception> <!-- org.openqa.selenium.NoSuchElementException -->
          <reporter-output>
            <line>
              <![CDATA[NO of Rowsare::7]]>
            </line>
            <line>
              <![CDATA[Error_Massage::dashboard     http://webapp.qedgetech.com/login.php]]>
            </line>
          </reporter-output>
        </test-method> <!-- StartTest -->
        <test-method is-config="true" signature="teardown()[pri:0, instance:driverfactory.DriverScript@515c6049]" started-at="2024-08-30T11:46:49 IST" name="teardown" finished-at="2024-08-30T11:46:49 IST" duration-ms="499" status="PASS">
          <reporter-output>
          </reporter-output>
        </test-method> <!-- teardown -->
      </class> <!-- driverfactory.DriverScript -->
    </test> <!-- LoginDataDriven -->
    <test started-at="2024-08-30T11:46:49 IST" name="Suppliertest" finished-at="2024-08-30T11:49:14 IST" duration-ms="145129">
      <class name="driverfactory.TestScript">
        <test-method is-config="true" signature="setUp()[pri:0, instance:driverfactory.TestScript@1e800aaa]" started-at="2024-08-30T11:46:49 IST" name="setUp" finished-at="2024-08-30T11:47:02 IST" duration-ms="12901" status="PASS">
          <reporter-output>
          </reporter-output>
        </test-method> <!-- setUp -->
        <test-method signature="startTest()[pri:0, instance:driverfactory.TestScript@1e800aaa]" started-at="2024-08-30T11:47:02 IST" name="startTest" finished-at="2024-08-30T11:49:12 IST" duration-ms="129677" status="PASS">
          <reporter-output>
            <line>
              <![CDATA[NO of  Rows are:::8]]>
            </line>
            <line>
              <![CDATA[ADD SUPPLIER IS SUCCESS::: Supplier-00000004874       Supplier-00000004874]]>
            </line>
            <line>
              <![CDATA[ADD SUPPLIER IS SUCCESS::: Supplier-00000004875       Supplier-00000004875]]>
            </line>
            <line>
              <![CDATA[ADD SUPPLIER IS SUCCESS::: Supplier-00000004876       Supplier-00000004876]]>
            </line>
            <line>
              <![CDATA[ADD SUPPLIER IS SUCCESS::: Supplier-00000004877       Supplier-00000004877]]>
            </line>
            <line>
              <![CDATA[ADD SUPPLIER IS SUCCESS::: Supplier-00000004878       Supplier-00000004878]]>
            </line>
            <line>
              <![CDATA[ADD SUPPLIER IS SUCCESS::: Supplier-00000004879       Supplier-00000004879]]>
            </line>
            <line>
              <![CDATA[ADD SUPPLIER IS SUCCESS::: Supplier-00000004880       Supplier-00000004880]]>
            </line>
            <line>
              <![CDATA[ADD SUPPLIER IS SUCCESS::: Supplier-00000004881       Supplier-00000004881]]>
            </line>
          </reporter-output>
        </test-method> <!-- startTest -->
        <test-method is-config="true" signature="tearDown()[pri:0, instance:driverfactory.TestScript@1e800aaa]" started-at="2024-08-30T11:49:12 IST" name="tearDown" finished-at="2024-08-30T11:49:14 IST" duration-ms="2548" status="PASS">
          <reporter-output>
          </reporter-output>
        </test-method> <!-- tearDown -->
      </class> <!-- driverfactory.TestScript -->
    </test> <!-- Suppliertest -->
  </suite> <!-- DataDrivenFrameWork -->
</testng-results>
